2025-01-02 14:18:37,808 DEBUG    root            Loaded Command Group: ['gcloud', 'components']
2025-01-02 14:18:37,810 DEBUG    root            Loaded Command Group: ['gcloud', 'components', 'update']
2025-01-02 14:18:37,813 DEBUG    root            Running [gcloud.components.update] with arguments: [--quiet: "True", COMPONENT-IDS:8: "['gcloud', 'core', 'bq', 'gsutil', 'compute', 'preview', 'alpha', 'beta']"]
2025-01-02 14:18:37,814 INFO     ___FILE_ONLY___ Beginning update. This process may take several minutes.

2025-01-02 14:18:37,822 DEBUG    urllib3.connectionpool Starting new HTTPS connection (1): dl.google.com:443
2025-01-02 14:18:37,897 DEBUG    urllib3.connectionpool https://dl.google.com:443 "GET /dl/cloudsdk/channels/rapid/components-2.json HTTP/1.1" 200 227824
2025-01-02 14:18:37,913 WARNING  root            Component [compute] no longer exists.
2025-01-02 14:18:37,914 INFO     ___FILE_ONLY___ 

2025-01-02 14:18:37,915 INFO     ___FILE_ONLY___ 
Your current Google Cloud CLI version is: 504.0.1

2025-01-02 14:18:37,915 INFO     ___FILE_ONLY___ Installing components from version: 504.0.1

2025-01-02 14:18:37,915 INFO     ___FILE_ONLY___ 

2025-01-02 14:18:37,915 DEBUG    root            Chosen display Format:table[box,title="These components will be removed."](details.display_name:label=Name:align=left,version.version_string:label=Version:align=right,data.size.size(zero="",min=1048576):label=Size:align=right)
2025-01-02 14:18:37,916 DEBUG    root            Chosen display Format:table[box,title="These components will be updated."](details.display_name:label=Name:align=left,version.version_string:label=Version:align=right,data.size.size(zero="",min=1048576):label=Size:align=right)
2025-01-02 14:18:37,917 DEBUG    root            Chosen display Format:table[box,title="These components will be installed."](details.display_name:label=Name:align=left,version.version_string:label=Version:align=right,data.size.size(zero="",min=1048576):label=Size:align=right)
2025-01-02 14:18:37,932 INFO     ___FILE_ONLY___ ┌────────────────────────────────────────────────┐
2025-01-02 14:18:37,932 INFO     ___FILE_ONLY___ 

2025-01-02 14:18:37,933 INFO     ___FILE_ONLY___ │      These components will be installed.       │
2025-01-02 14:18:37,933 INFO     ___FILE_ONLY___ 

2025-01-02 14:18:37,933 INFO     ___FILE_ONLY___ ├─────────────────────────┬────────────┬─────────┤
2025-01-02 14:18:37,933 INFO     ___FILE_ONLY___ 

2025-01-02 14:18:37,933 INFO     ___FILE_ONLY___ │           Name          │  Version   │   Size  │
2025-01-02 14:18:37,933 INFO     ___FILE_ONLY___ 

2025-01-02 14:18:37,933 INFO     ___FILE_ONLY___ ├─────────────────────────┼────────────┼─────────┤
2025-01-02 14:18:37,933 INFO     ___FILE_ONLY___ 

2025-01-02 14:18:37,933 INFO     ___FILE_ONLY___ │ 
2025-01-02 14:18:37,933 INFO     ___FILE_ONLY___ gcloud Alpha Commands  
2025-01-02 14:18:37,934 INFO     ___FILE_ONLY___  
2025-01-02 14:18:37,934 INFO     ___FILE_ONLY___ │ 
2025-01-02 14:18:37,934 INFO     ___FILE_ONLY___ 2024.12.19
2025-01-02 14:18:37,934 INFO     ___FILE_ONLY___  
2025-01-02 14:18:37,934 INFO     ___FILE_ONLY___ │ 
2025-01-02 14:18:37,934 INFO     ___FILE_ONLY___ < 1 MiB
2025-01-02 14:18:37,934 INFO     ___FILE_ONLY___  
2025-01-02 14:18:37,934 INFO     ___FILE_ONLY___ │
2025-01-02 14:18:37,934 INFO     ___FILE_ONLY___ 

2025-01-02 14:18:37,934 INFO     ___FILE_ONLY___ │ 
2025-01-02 14:18:37,935 INFO     ___FILE_ONLY___ gcloud Beta Commands   
2025-01-02 14:18:37,935 INFO     ___FILE_ONLY___  
2025-01-02 14:18:37,935 INFO     ___FILE_ONLY___ │ 
2025-01-02 14:18:37,935 INFO     ___FILE_ONLY___ 2024.12.19
2025-01-02 14:18:37,935 INFO     ___FILE_ONLY___  
2025-01-02 14:18:37,935 INFO     ___FILE_ONLY___ │ 
2025-01-02 14:18:37,935 INFO     ___FILE_ONLY___ < 1 MiB
2025-01-02 14:18:37,935 INFO     ___FILE_ONLY___  
2025-01-02 14:18:37,935 INFO     ___FILE_ONLY___ │
2025-01-02 14:18:37,935 INFO     ___FILE_ONLY___ 

2025-01-02 14:18:37,935 INFO     ___FILE_ONLY___ │ 
2025-01-02 14:18:37,936 INFO     ___FILE_ONLY___ gcloud Preview Commands
2025-01-02 14:18:37,936 INFO     ___FILE_ONLY___  
2025-01-02 14:18:37,936 INFO     ___FILE_ONLY___ │ 
2025-01-02 14:18:37,936 INFO     ___FILE_ONLY___           
2025-01-02 14:18:37,936 INFO     ___FILE_ONLY___  
2025-01-02 14:18:37,936 INFO     ___FILE_ONLY___ │ 
2025-01-02 14:18:37,936 INFO     ___FILE_ONLY___ < 1 MiB
2025-01-02 14:18:37,936 INFO     ___FILE_ONLY___  
2025-01-02 14:18:37,936 INFO     ___FILE_ONLY___ │
2025-01-02 14:18:37,936 INFO     ___FILE_ONLY___ 

2025-01-02 14:18:37,937 INFO     ___FILE_ONLY___ └─────────────────────────┴────────────┴─────────┘
2025-01-02 14:18:37,937 INFO     ___FILE_ONLY___ 

2025-01-02 14:18:37,937 INFO     ___FILE_ONLY___ 

2025-01-02 14:18:37,940 DEBUG    urllib3.connectionpool Starting new HTTPS connection (1): dl.google.com:443
2025-01-02 14:18:38,012 DEBUG    urllib3.connectionpool https://dl.google.com:443 "GET /dl/cloudsdk/channels/rapid/RELEASE_NOTES HTTP/1.1" 200 1331002
2025-01-02 14:18:38,051 INFO     ___FILE_ONLY___ For the latest full release notes, please visit:
  https://cloud.google.com/sdk/release_notes


2025-01-02 14:18:38,051 INFO     ___FILE_ONLY___ Performing in place update...


2025-01-02 14:18:38,053 INFO     ___FILE_ONLY___ ╔════════════════════════════════════════════════════════════╗

2025-01-02 14:18:38,053 INFO     ___FILE_ONLY___ ╠═ Downloading: gcloud Alpha Commands                       ═╣

2025-01-02 14:18:38,054 INFO     ___FILE_ONLY___ ╚
2025-01-02 14:18:38,057 DEBUG    urllib3.connectionpool Starting new HTTPS connection (1): dl.google.com:443
2025-01-02 14:18:38,129 DEBUG    urllib3.connectionpool https://dl.google.com:443 "GET /dl/cloudsdk/channels/rapid/components/google-cloud-sdk-alpha-20241219230653.tar.gz HTTP/1.1" 200 800
2025-01-02 14:18:38,129 INFO     ___FILE_ONLY___ ════════════════════════════════════════════════════════════
2025-01-02 14:18:38,130 INFO     ___FILE_ONLY___ ╝

2025-01-02 14:18:38,132 INFO     ___FILE_ONLY___ ╔════════════════════════════════════════════════════════════╗

2025-01-02 14:18:38,132 INFO     ___FILE_ONLY___ ╠═ Downloading: gcloud Beta Commands                        ═╣

2025-01-02 14:18:38,132 INFO     ___FILE_ONLY___ ╚
2025-01-02 14:18:38,135 DEBUG    urllib3.connectionpool Starting new HTTPS connection (1): dl.google.com:443
2025-01-02 14:18:38,205 DEBUG    urllib3.connectionpool https://dl.google.com:443 "GET /dl/cloudsdk/channels/rapid/components/google-cloud-sdk-beta-20241219230653.tar.gz HTTP/1.1" 200 797
2025-01-02 14:18:38,206 INFO     ___FILE_ONLY___ ════════════════════════════════════════════════════════════
2025-01-02 14:18:38,206 INFO     ___FILE_ONLY___ ╝

2025-01-02 14:18:38,208 INFO     ___FILE_ONLY___ ╔════════════════════════════════════════════════════════════╗

2025-01-02 14:18:38,208 INFO     ___FILE_ONLY___ ╠═ Downloading: gcloud Preview Commands                     ═╣

2025-01-02 14:18:38,208 INFO     ___FILE_ONLY___ ╚
2025-01-02 14:18:38,211 DEBUG    urllib3.connectionpool Starting new HTTPS connection (1): dl.google.com:443
2025-01-02 14:18:38,309 DEBUG    urllib3.connectionpool https://dl.google.com:443 "GET /dl/cloudsdk/channels/rapid/components/google-cloud-sdk-preview-20241115154308.tar.gz HTTP/1.1" 200 823
2025-01-02 14:18:38,310 INFO     ___FILE_ONLY___ ════════════════════════════════════════════════════════════
2025-01-02 14:18:38,311 INFO     ___FILE_ONLY___ ╝

2025-01-02 14:18:38,313 INFO     ___FILE_ONLY___ ╔════════════════════════════════════════════════════════════╗

2025-01-02 14:18:38,313 INFO     ___FILE_ONLY___ ╠═ Installing: gcloud Alpha Commands                        ═╣

2025-01-02 14:18:38,313 INFO     ___FILE_ONLY___ ╚
2025-01-02 14:18:38,314 INFO     ___FILE_ONLY___ ════════════════════════════════════════════════════════════
2025-01-02 14:18:38,315 INFO     ___FILE_ONLY___ ╝

2025-01-02 14:18:38,327 INFO     ___FILE_ONLY___ ╔════════════════════════════════════════════════════════════╗

2025-01-02 14:18:38,327 INFO     ___FILE_ONLY___ ╠═ Installing: gcloud Beta Commands                         ═╣

2025-01-02 14:18:38,327 INFO     ___FILE_ONLY___ ╚
2025-01-02 14:18:38,328 INFO     ___FILE_ONLY___ ════════════════════════════════════════════════════════════
2025-01-02 14:18:38,328 INFO     ___FILE_ONLY___ ╝

2025-01-02 14:18:38,333 INFO     ___FILE_ONLY___ ╔════════════════════════════════════════════════════════════╗

2025-01-02 14:18:38,334 INFO     ___FILE_ONLY___ ╠═ Installing: gcloud Preview Commands                      ═╣

2025-01-02 14:18:38,334 INFO     ___FILE_ONLY___ ╚
2025-01-02 14:18:38,334 INFO     ___FILE_ONLY___ ════════════════════════════════════════════════════════════
2025-01-02 14:18:38,334 INFO     ___FILE_ONLY___ ╝

2025-01-02 14:18:38,341 DEBUG    root            Updating notification cache...
2025-01-02 14:18:38,341 INFO     ___FILE_ONLY___ 

2025-01-02 14:18:38,343 INFO     ___FILE_ONLY___ Performing post processing steps...
2025-01-02 14:18:38,343 DEBUG    root            Executing command: ['/tools/google-cloud-sdk/bin/gcloud', 'components', 'post-process']
2025-01-02 14:18:48,458 DEBUG    ___FILE_ONLY___ 
2025-01-02 14:18:48,458 DEBUG    ___FILE_ONLY___ 
2025-01-02 14:18:48,617 INFO     ___FILE_ONLY___ 
Update done!


2025-01-02 14:18:48,620 DEBUG    root            Chosen display Format:none
2025-01-02 14:18:48,620 INFO     root            Display format: "none"
